#1 [backend internal] load build definition from Dockerfile
#1 transferring dockerfile: 347B done
#1 DONE 0.0s

#2 [backend internal] load metadata for docker.io/library/python:3.11-slim
#2 DONE 1.2s

#3 [backend internal] load .dockerignore
#3 transferring context: 2B done
#3 DONE 0.0s

#4 [backend 1/5] FROM docker.io/library/python:3.11-slim@sha256:7029b00486ac40bed03e36775b864d3f3d39dcbdf19cd45e6a52d541e6c178f0
#4 DONE 0.0s

#5 [backend internal] load build context
#5 transferring context: 1.38kB done
#5 DONE 0.0s

#6 [backend 3/5] RUN pip install uv
#6 CACHED

#7 [backend 4/5] COPY . .
#7 CACHED

#8 [backend 2/5] WORKDIR /app
#8 CACHED

#9 [backend 5/5] RUN pip install -r requirements.txt
#9 CACHED

#10 [backend] exporting to image
#10 exporting layers done
#10 writing image sha256:e62baa133b2a6f103e80892a7d80b01f84571b6d6b02795d1beadaa7b121ca71 done
#10 naming to docker.io/library/schedulia-backend done
#10 DONE 0.0s

#11 [frontend internal] load build definition from Dockerfile
#11 transferring dockerfile: 339B done
#11 DONE 0.0s

#12 [frontend internal] load metadata for docker.io/library/node:18-alpine
#12 DONE 0.8s

#13 [frontend internal] load .dockerignore
#13 transferring context: 2B done
#13 DONE 0.0s

#14 [frontend 1/6] FROM docker.io/library/node:18-alpine@sha256:8d6421d663b4c28fd3ebc498332f249011d118945588d0a35cb9bc4b8ca09d9e
#14 DONE 0.0s

#15 [frontend internal] load build context
#15 transferring context: 31.65kB done
#15 DONE 0.0s

#16 [frontend 2/6] WORKDIR /app
#16 CACHED

#17 [frontend 3/6] COPY package*.json ./
#17 CACHED

#18 [frontend 5/6] COPY . .
#18 CACHED

#19 [frontend 4/6] RUN npm install --legacy-peer-deps
#19 CACHED

#20 [frontend 6/6] RUN npm run build
#20 CACHED

#21 [frontend] exporting to image
#21 exporting layers done
#21 writing image sha256:2a29a16c10a4b9677b316c45c95674a3c4a82765f158bb940662d0aad589800e done
#21 naming to docker.io/library/schedulia-frontend done
#21 DONE 0.0s

#22 [nginx internal] load build definition from Dockerfile
#22 transferring dockerfile: 345B done
#22 DONE 0.0s

#23 [nginx internal] load metadata for docker.io/library/nginx:alpine
#23 DONE 0.8s

#24 [nginx internal] load .dockerignore
#24 transferring context: 2B done
#24 DONE 0.0s

#25 [nginx 1/3] FROM docker.io/library/nginx:alpine@sha256:4ff102c5d78d254a6f0da062b3cf39eaf07f01eec0927fd21e219d0af8bc0591
#25 DONE 0.0s

#26 [nginx 2/3] RUN rm /etc/nginx/conf.d/default.conf
#26 CACHED

#27 [nginx 3/3] RUN mkdir -p /var/log/nginx
#27 CACHED

#28 [nginx] exporting to image
#28 exporting layers done
#28 writing image sha256:b537036c123a56fa2f4d1e2c6b4f19a829b82ea914fb3c74700ea4f156657fb4 done
#28 naming to docker.io/library/schedulia-nginx done
#28 DONE 0.0s
 Container frontend  Creating
